  main.cpp
C:\Users\Julian\source\repos\Sort\Sort\src\main.cpp(110,119): warning C4244: 'argument': conversion from '_Rep' to 'unsigned int', possible loss of data
          with
          [
              _Rep=std::chrono::system_clock::rep
          ]
C:\Users\Julian\source\repos\Sort\Sort\src\main.cpp(120,44): warning C4244: 'argument': conversion from 'int' to 'T', possible loss of data
          with
          [
              T=float
          ]
C:\Users\Julian\source\repos\Sort\Sort\src\main.cpp(121,48): warning C4244: 'argument': conversion from 'T' to 'float', possible loss of data
          with
          [
              T=unsigned int
          ]
C:\Users\Julian\source\repos\Sort\Sort\src\main.cpp(121,25): warning C4244: 'argument': conversion from 'int' to 'float', possible loss of data
  Generating code
  77 of 247 functions (31.2%) were compiled, the rest were copied from previous compilation.
    0 functions were new in current compilation
    21 functions had inline decision re-evaluated but remain unchanged
  Finished generating code
  Sort.vcxproj -> C:\Users\Julian\source\repos\Sort\x64\Release\Sort.exe
